Created NFT with Token ID: 0.0.3905176

Created NFT 0.0.3905176 with serial: 1

Created NFT 0.0.3905176 with serial: 2

Created NFT 0.0.3905176 with serial: 3

Created NFT 0.0.3905176 with serial: 4

Created NFT 0.0.3905176 with serial: 5

{
  newlyMintedNfts: [
    TransactionReceipt {
      status: [Status],
      accountId: null,
      fileId: null,
      contractId: null,
      topicId: null,
      tokenId: null,
      scheduleId: null,
      exchangeRate: [ExchangeRate],
      topicSequenceNumber: [Long],
      topicRunningHash: Uint8Array(0) [],
      totalSupply: [Long],
      scheduledTransactionId: null,
      serials: [Array],
      duplicates: [],
      children: []
    },
    TransactionReceipt {
      status: [Status],
      accountId: null,
      fileId: null,
      contractId: null,
      topicId: null,
      tokenId: null,
      scheduleId: null,
      exchangeRate: [ExchangeRate],
      topicSequenceNumber: [Long],
      topicRunningHash: Uint8Array(0) [],
      totalSupply: [Long],
      scheduledTransactionId: null,
      serials: [Array],
      duplicates: [],
      children: []
    },
    TransactionReceipt {
      status: [Status],
      accountId: null,
      fileId: null,
      contractId: null,
      topicId: null,
      tokenId: null,
      scheduleId: null,
      exchangeRate: [ExchangeRate],
      topicSequenceNumber: [Long],
      topicRunningHash: Uint8Array(0) [],
      totalSupply: [Long],
      scheduledTransactionId: null,
      serials: [Array],
      duplicates: [],
      children: []
    },
    TransactionReceipt {
      status: [Status],
      accountId: null,
      fileId: null,
      contractId: null,
      topicId: null,
      tokenId: null,
      scheduleId: null,
      exchangeRate: [ExchangeRate],
      topicSequenceNumber: [Long],
      topicRunningHash: Uint8Array(0) [],
      totalSupply: [Long],
      scheduledTransactionId: null,
      serials: [Array],
      duplicates: [],
      children: []
    },
    TransactionReceipt {
      status: [Status],
      accountId: null,
      fileId: null,
      contractId: null,
      topicId: null,
      tokenId: null,
      scheduleId: null,
      exchangeRate: [ExchangeRate],
      topicSequenceNumber: [Long],
      topicRunningHash: Uint8Array(0) [],
      totalSupply: [Long],
      scheduledTransactionId: null,
      serials: [Array],
      duplicates: [],
      children: []
    }
  ],
  supplyKey: 'f03882e41c3e9f2ddb2af7c2c7bb37d0dd6ecfc8d9abd2a452ffdfab455fdaaa'
}
- NFT association with Account3: SUCCESS


- NFT transfer from Treasury to Account3: SUCCESS

- Treasury balance: 4 NFTs of ID 0.0.3905176
- Account3 balance: 1 NFTs of ID 0.0.3905176